13:47:07 **** Incremental Build of configuration Release for project CosmicOS ****
make all 
Building file: ../sloeber.ino.cpp
Starting C++ compile
"/Applications/sloeber.app/Contents/Eclipse//arduinoPlugin/packages/arduino/tools/avr-gcc/7.3.0-atmel3.6.1-arduino5/bin/avr-g++" -c -g -Os -Wall -Wextra -std=gnu++11 -fpermissive -fno-exceptions -ffunction-sections -fdata-sections -fno-threadsafe-statics -Wno-error=narrowing -MMD -flto -mmcu=atmega4809 -DF_CPU=16000000L -DARDUINO=10802 -DARDUINO_AVR_NANO_EVERY -DARDUINO_ARCH_MEGAAVR   -DMILLIS_USE_TIMERB3 -DNO_EXTERNAL_I2C_PULLUP "-I/Applications/sloeber.app/Contents/Eclipse//arduinoPlugin/packages/arduino/hardware/megaavr/1.8.5/cores/arduino/api/deprecated"   -I"/Applications/sloeber.app/Contents/Eclipse/arduinoPlugin/packages/arduino/hardware/megaavr/1.8.5/cores/arduino" -I"/Applications/sloeber.app/Contents/Eclipse/arduinoPlugin/packages/arduino/hardware/megaavr/1.8.5/variants/nona4809" -I"/Applications/sloeber.app/Contents/Eclipse/arduinoPlugin/packages/arduino/hardware/megaavr/1.8.5/libraries/SoftwareSerial/src" -I"/Applications/sloeber.app/Contents/Eclipse/arduinoPlugin/packages/arduino/hardware/megaavr/1.8.5/libraries/SPI/src" -I"/Applications/sloeber.app/Contents/Eclipse/arduinoPlugin/packages/arduino/hardware/megaavr/1.8.5/libraries/Wire/src" -I"/Applications/sloeber.app/Contents/Eclipse/arduinoPlugin/libraries/SD/1.2.4/src" -I"/Applications/sloeber.app/Contents/Eclipse/arduinoPlugin/libraries/FastLED/3.3.2" -MMD -MP -MF"sloeber.ino.cpp.d" -MT"sloeber.ino.cpp.o" -D__IN_ECLIPSE__=1 -x c++ "../sloeber.ino.cpp"  -o  "sloeber.ino.cpp.o"
Finished building: ../sloeber.ino.cpp
 
Building file: /Applications/sloeber.app/Contents/Eclipse/arduinoPlugin/libraries/FastLED/3.3.2/FastLED.cpp
Starting C++ compile
"/Applications/sloeber.app/Contents/Eclipse//arduinoPlugin/packages/arduino/tools/avr-gcc/7.3.0-atmel3.6.1-arduino5/bin/avr-g++" -c -g -Os -Wall -Wextra -std=gnu++11 -fpermissive -fno-exceptions -ffunction-sections -fdata-sections -fno-threadsafe-statics -Wno-error=narrowing -MMD -flto -mmcu=atmega4809 -DF_CPU=16000000L -DARDUINO=10802 -DARDUINO_AVR_NANO_EVERY -DARDUINO_ARCH_MEGAAVR   -DMILLIS_USE_TIMERB3 -DNO_EXTERNAL_I2C_PULLUP "-I/Applications/sloeber.app/Contents/Eclipse//arduinoPlugin/packages/arduino/hardware/megaavr/1.8.5/cores/arduino/api/deprecated"   -I"/Applications/sloeber.app/Contents/Eclipse/arduinoPlugin/packages/arduino/hardware/megaavr/1.8.5/cores/arduino" -I"/Applications/sloeber.app/Contents/Eclipse/arduinoPlugin/packages/arduino/hardware/megaavr/1.8.5/variants/nona4809" -I"/Applications/sloeber.app/Contents/Eclipse/arduinoPlugin/packages/arduino/hardware/megaavr/1.8.5/libraries/SoftwareSerial/src" -I"/Applications/sloeber.app/Contents/Eclipse/arduinoPlugin/packages/arduino/hardware/megaavr/1.8.5/libraries/SPI/src" -I"/Applications/sloeber.app/Contents/Eclipse/arduinoPlugin/packages/arduino/hardware/megaavr/1.8.5/libraries/Wire/src" -I"/Applications/sloeber.app/Contents/Eclipse/arduinoPlugin/libraries/SD/1.2.4/src" -I"/Applications/sloeber.app/Contents/Eclipse/arduinoPlugin/libraries/FastLED/3.3.2" -MMD -MP -MF"libraries/FastLED/FastLED.cpp.d" -MT"libraries/FastLED/FastLED.cpp.o" -D__IN_ECLIPSE__=1 -x c++ "/Applications/sloeber.app/Contents/Eclipse/arduinoPlugin/libraries/FastLED/3.3.2/FastLED.cpp"  -o  "libraries/FastLED/FastLED.cpp.o"
In file included from /Applications/sloeber.app/Contents/Eclipse/arduinoPlugin/libraries/FastLED/3.3.2/FastLED.cpp:2:0:
/Applications/sloeber.app/Contents/Eclipse/arduinoPlugin/libraries/FastLED/3.3.2/FastLED.h:585:2: warning: #warning "No pin/port mappings found, pin access will be slightly slower. See fastpin.h for info." [-Wcpp]
 #warning "No pin/port mappings found, pin access will be slightly slower. See fastpin.h for info."
  ^~~~~~~
In file included from /Applications/sloeber.app/Contents/Eclipse/arduinoPlugin/libraries/FastLED/3.3.2/platforms/avr/fastled_avr.h:4:0,
                 from /Applications/sloeber.app/Contents/Eclipse/arduinoPlugin/libraries/FastLED/3.3.2/platforms.h:39,
                 from /Applications/sloeber.app/Contents/Eclipse/arduinoPlugin/libraries/FastLED/3.3.2/FastLED.h:52,
                 from /Applications/sloeber.app/Contents/Eclipse/arduinoPlugin/libraries/FastLED/3.3.2/FastLED.cpp:2:
/Applications/sloeber.app/Contents/Eclipse/arduinoPlugin/libraries/FastLED/3.3.2/platforms/avr/fastpin_avr.h: In static member function 'static volatile uint8_t& __gen_struct_DDRA::r()':
/Applications/sloeber.app/Contents/Eclipse/arduinoPlugin/libraries/FastLED/3.3.2/platforms/avr/fastpin_avr.h:51:26: error: 'DDRA' was not declared in this scope
 #define _FL_IO(L,C) _RD8(DDR ## L); _RD8(PORT ## L); _RD8(PIN ## L); _FL_DEFINE_PORT3(L, C, _R(PORT ## L));
                          ^
/Applications/sloeber.app/Contents/Eclipse/arduinoPlugin/libraries/FastLED/3.3.2/platforms/avr/fastpin_avr.h:50:79: note: in definition of macro '_RD8'
 #define _RD8(T) struct __gen_struct_ ## T { static inline reg8_t r() { return T; }};
                                                                               ^
/Applications/sloeber.app/Contents/Eclipse/arduinoPlugin/libraries/FastLED/3.3.2/platforms/avr/fastpin_avr.h:56:3: note: in expansion of macro '_FL_IO'
   _FL_IO(A,0)
   ^~~~~~
/Applications/sloeber.app/Contents/Eclipse/arduinoPlugin/libraries/FastLED/3.3.2/platforms/avr/fastpin_avr.h:51:26: note: suggested alternative: 'SDA'
 #define _FL_IO(L,C) _RD8(DDR ## L); _RD8(PORT ## L); _RD8(PIN ## L); _FL_DEFINE_PORT3(L, C, _R(PORT ## L));
                          ^
/Applications/sloeber.app/Contents/Eclipse/arduinoPlugin/libraries/FastLED/3.3.2/platforms/avr/fastpin_avr.h:50:79: note: in definition of macro '_RD8'
 #define _RD8(T) struct __gen_struct_ ## T { static inline reg8_t r() { return T; }};
                                                                               ^
/Applications/sloeber.app/Contents/Eclipse/arduinoPlugin/libraries/FastLED/3.3.2/platforms/avr/fastpin_avr.h:56:3: note: in expansion of macro '_FL_IO'
   _FL_IO(A,0)
   ^~~~~~
/Applications/sloeber.app/Contents/Eclipse/arduinoPlugin/libraries/FastLED/3.3.2/platforms/avr/fastpin_avr.h: In static member function 'static volatile uint8_t& __gen_struct_PORTA::r()':
/Applications/sloeber.app/Contents/Eclipse/arduinoPlugin/libraries/FastLED/3.3.2/platforms/avr/fastpin_avr.h:51:42: error: invalid initialization of reference of type 'reg8_t {aka volatile unsigned char&}' from expression of type 'PORT_t {aka PORT_struct}'
 #define _FL_IO(L,C) _RD8(DDR ## L); _RD8(PORT ## L); _RD8(PIN ## L); _FL_DEFINE_PORT3(L, C, _R(PORT ## L));
                                          ^
/Applications/sloeber.app/Contents/Eclipse/arduinoPlugin/libraries/FastLED/3.3.2/platforms/avr/fastpin_avr.h:50:79: note: in definition of macro '_RD8'
 #define _RD8(T) struct __gen_struct_ ## T { static inline reg8_t r() { return T; }};
                                                                               ^
/Applications/sloeber.app/Contents/Eclipse/arduinoPlugin/libraries/FastLED/3.3.2/platforms/avr/fastpin_avr.h:56:3: note: in expansion of macro '_FL_IO'
   _FL_IO(A,0)
   ^~~~~~
/Applications/sloeber.app/Contents/Eclipse/arduinoPlugin/libraries/FastLED/3.3.2/platforms/avr/fastpin_avr.h: In static member function 'static volatile uint8_t& __gen_struct_PINA::r()':
/Applications/sloeber.app/Contents/Eclipse/arduinoPlugin/libraries/FastLED/3.3.2/platforms/avr/fastpin_avr.h:51:59: error: 'PINA' was not declared in this scope
 #define _FL_IO(L,C) _RD8(DDR ## L); _RD8(PORT ## L); _RD8(PIN ## L); _FL_DEFINE_PORT3(L, C, _R(PORT ## L));
                                                           ^
/Applications/sloeber.app/Contents/Eclipse/arduinoPlugin/libraries/FastLED/3.3.2/platforms/avr/fastpin_avr.h:50:79: note: in definition of macro '_RD8'
 #define _RD8(T) struct __gen_struct_ ## T { static inline reg8_t r() { return T; }};
                                                                               ^
/Applications/sloeber.app/Contents/Eclipse/arduinoPlugin/libraries/FastLED/3.3.2/platforms/avr/fastpin_avr.h:56:3: note: in expansion of macro '_FL_IO'
   _FL_IO(A,0)
   ^~~~~~
/Applications/sloeber.app/Contents/Eclipse/arduinoPlugin/libraries/FastLED/3.3.2/platforms/avr/fastpin_avr.h:51:59: note: suggested alternative: 'PIN0'
 #define _FL_IO(L,C) _RD8(DDR ## L); _RD8(PORT ## L); _RD8(PIN ## L); _FL_DEFINE_PORT3(L, C, _R(PORT ## L));
                                                           ^
/Applications/sloeber.app/Contents/Eclipse/arduinoPlugin/libraries/FastLED/3.3.2/platforms/avr/fastpin_avr.h:50:79: note: in definition of macro '_RD8'
 #define _RD8(T) struct __gen_struct_ ## T { static inline reg8_t r() { return T; }};
                                                                               ^
/Applications/sloeber.app/Contents/Eclipse/arduinoPlugin/libraries/FastLED/3.3.2/platforms/avr/fastpin_avr.h:56:3: note: in expansion of macro '_FL_IO'
   _FL_IO(A,0)
   ^~~~~~
/Applications/sloeber.app/Contents/Eclipse/arduinoPlugin/libraries/FastLED/3.3.2/platforms/avr/fastpin_avr.h: In static member function 'static volatile uint8_t& __gen_struct_DDRB::r()':
/Applications/sloeber.app/Contents/Eclipse/arduinoPlugin/libraries/FastLED/3.3.2/platforms/avr/fastpin_avr.h:51:26: error: 'DDRB' was not declared in this scope
 #define _FL_IO(L,C) _RD8(DDR ## L); _RD8(PORT ## L); _RD8(PIN ## L); _FL_DEFINE_PORT3(L, C, _R(PORT ## L));
                          ^
/Applications/sloeber.app/Contents/Eclipse/arduinoPlugin/libraries/FastLED/3.3.2/platforms/avr/fastpin_avr.h:50:79: note: in definition of macro '_RD8'
 #define _RD8(T) struct __gen_struct_ ## T { static inline reg8_t r() { return T; }};
                                                                               ^
/Applications/sloeber.app/Contents/Eclipse/arduinoPlugin/libraries/FastLED/3.3.2/platforms/avr/fastpin_avr.h:59:3: note: in expansion of macro '_FL_IO'
   _FL_IO(B,1)
   ^~~~~~
/Applications/sloeber.app/Contents/Eclipse/arduinoPlugin/libraries/FastLED/3.3.2/platforms/avr/fastpin_avr.h:51:26: note: suggested alternative: 'GRB'
 #define _FL_IO(L,C) _RD8(DDR ## L); _RD8(PORT ## L); _RD8(PIN ## L); _FL_DEFINE_PORT3(L, C, _R(PORT ## L));
                          ^
/Applications/sloeber.app/Contents/Eclipse/arduinoPlugin/libraries/FastLED/3.3.2/platforms/avr/fastpin_avr.h:50:79: note: in definition of macro '_RD8'
 #define _RD8(T) struct __gen_struct_ ## T { static inline reg8_t r() { return T; }};
                                                                               ^
/Applications/sloeber.app/Contents/Eclipse/arduinoPlugin/libraries/FastLED/3.3.2/platforms/avr/fastpin_avr.h:59:3: note: in expansion of macro '_FL_IO'
   _FL_IO(B,1)
   ^~~~~~
/Applications/sloeber.app/Contents/Eclipse/arduinoPlugin/libraries/FastLED/3.3.2/platforms/avr/fastpin_avr.h: In static member function 'static volatile uint8_t& __gen_struct_PORTB::r()':
/Applications/sloeber.app/Contents/Eclipse/arduinoPlugin/libraries/FastLED/3.3.2/platforms/avr/fastpin_avr.h:51:42: error: invalid initialization of reference of type 'reg8_t {aka volatile unsigned char&}' from expression of type 'PORT_t {aka PORT_struct}'
 #define _FL_IO(L,C) _RD8(DDR ## L); _RD8(PORT ## L); _RD8(PIN ## L); _FL_DEFINE_PORT3(L, C, _R(PORT ## L));
                                          ^
/Applications/sloeber.app/Contents/Eclipse/arduinoPlugin/libraries/FastLED/3.3.2/platforms/avr/fastpin_avr.h:50:79: note: in definition of macro '_RD8'
 #define _RD8(T) struct __gen_struct_ ## T { static inline reg8_t r() { return T; }};
                                                                               ^
/Applications/sloeber.app/Contents/Eclipse/arduinoPlugin/libraries/FastLED/3.3.2/platforms/avr/fastpin_avr.h:59:3: note: in expansion of macro '_FL_IO'
   _FL_IO(B,1)
   ^~~~~~
/Applications/sloeber.app/Contents/Eclipse/arduinoPlugin/libraries/FastLED/3.3.2/platforms/avr/fastpin_avr.h: In static member function 'static volatile uint8_t& __gen_struct_PINB::r()':
/Applications/sloeber.app/Contents/Eclipse/arduinoPlugin/libraries/FastLED/3.3.2/platforms/avr/fastpin_avr.h:51:59: error: 'PINB' was not declared in this scope
 #define _FL_IO(L,C) _RD8(DDR ## L); _RD8(PORT ## L); _RD8(PIN ## L); _FL_DEFINE_PORT3(L, C, _R(PORT ## L));
                                                           ^
/Applications/sloeber.app/Contents/Eclipse/arduinoPlugin/libraries/FastLED/3.3.2/platforms/avr/fastpin_avr.h:50:79: note: in definition of macro '_RD8'
 #define _RD8(T) struct __gen_struct_ ## T { static inline reg8_t r() { return T; }};
                                                                               ^
/Applications/sloeber.app/Contents/Eclipse/arduinoPlugin/libraries/FastLED/3.3.2/platforms/avr/fastpin_avr.h:59:3: note: in expansion of macro '_FL_IO'
   _FL_IO(B,1)
   ^~~~~~
/Applications/sloeber.app/Contents/Eclipse/arduinoPlugin/libraries/FastLED/3.3.2/platforms/avr/fastpin_avr.h:51:59: note: suggested alternative: 'PIN0'
 #define _FL_IO(L,C) _RD8(DDR ## L); _RD8(PORT ## L); _RD8(PIN ## L); _FL_DEFINE_PORT3(L, C, _R(PORT ## L));
                                                           ^
/Applications/sloeber.app/Contents/Eclipse/arduinoPlugin/libraries/FastLED/3.3.2/platforms/avr/fastpin_avr.h:50:79: note: in definition of macro '_RD8'
 #define _RD8(T) struct __gen_struct_ ## T { static inline reg8_t r() { return T; }};
                                                                               ^
/Applications/sloeber.app/Contents/Eclipse/arduinoPlugin/libraries/FastLED/3.3.2/platforms/avr/fastpin_avr.h:59:3: note: in expansion of macro '_FL_IO'
   _FL_IO(B,1)
   ^~~~~~
/Applications/sloeber.app/Contents/Eclipse/arduinoPlugin/libraries/FastLED/3.3.2/platforms/avr/fastpin_avr.h: In static member function 'static volatile uint8_t& __gen_struct_DDRC::r()':
/Applications/sloeber.app/Contents/Eclipse/arduinoPlugin/libraries/FastLED/3.3.2/platforms/avr/fastpin_avr.h:51:26: error: 'DDRC' was not declared in this scope
 #define _FL_IO(L,C) _RD8(DDR ## L); _RD8(PORT ## L); _RD8(PIN ## L); _FL_DEFINE_PORT3(L, C, _R(PORT ## L));
                          ^
/Applications/sloeber.app/Contents/Eclipse/arduinoPlugin/libraries/FastLED/3.3.2/platforms/avr/fastpin_avr.h:50:79: note: in definition of macro '_RD8'
 #define _RD8(T) struct __gen_struct_ ## T { static inline reg8_t r() { return T; }};
                                                                               ^
/Applications/sloeber.app/Contents/Eclipse/arduinoPlugin/libraries/FastLED/3.3.2/platforms/avr/fastpin_avr.h:62:3: note: in expansion of macro '_FL_IO'
   _FL_IO(C,2)
   ^~~~~~
/Applications/sloeber.app/Contents/Eclipse/arduinoPlugin/libraries/FastLED/3.3.2/platforms/avr/fastpin_avr.h:51:26: note: suggested alternative: 'DD0'
 #define _FL_IO(L,C) _RD8(DDR ## L); _RD8(PORT ## L); _RD8(PIN ## L); _FL_DEFINE_PORT3(L, C, _R(PORT ## L));
                          ^
/Applications/sloeber.app/Contents/Eclipse/arduinoPlugin/libraries/FastLED/3.3.2/platforms/avr/fastpin_avr.h:50:79: note: in definition of macro '_RD8'
 #define _RD8(T) struct __gen_struct_ ## T { static inline reg8_t r() { return T; }};
                                                                               ^
/Applications/sloeber.app/Contents/Eclipse/arduinoPlugin/libraries/FastLED/3.3.2/platforms/avr/fastpin_avr.h:62:3: note: in expansion of macro '_FL_IO'
   _FL_IO(C,2)
   ^~~~~~
/Applications/sloeber.app/Contents/Eclipse/arduinoPlugin/libraries/FastLED/3.3.2/platforms/avr/fastpin_avr.h: In static member function 'static volatile uint8_t& __gen_struct_PORTC::r()':
/Applications/sloeber.app/Contents/Eclipse/arduinoPlugin/libraries/FastLED/3.3.2/platforms/avr/fastpin_avr.h:51:42: error: invalid initialization of reference of type 'reg8_t {aka volatile unsigned char&}' from expression of type 'PORT_t {aka PORT_struct}'
 #define _FL_IO(L,C) _RD8(DDR ## L); _RD8(PORT ## L); _RD8(PIN ## L); _FL_DEFINE_PORT3(L, C, _R(PORT ## L));
                                          ^
/Applications/sloeber.app/Contents/Eclipse/arduinoPlugin/libraries/FastLED/3.3.2/platforms/avr/fastpin_avr.h:50:79: note: in definition of macro '_RD8'
 #define _RD8(T) struct __gen_struct_ ## T { static inline reg8_t r() { return T; }};
                                                                               ^
/Applications/sloeber.app/Contents/Eclipse/arduinoPlugin/libraries/FastLED/3.3.2/platforms/avr/fastpin_avr.h:62:3: note: in expansion of macro '_FL_IO'
   _FL_IO(C,2)
   ^~~~~~
/Applications/sloeber.app/Contents/Eclipse/arduinoPlugin/libraries/FastLED/3.3.2/platforms/avr/fastpin_avr.h: In static member function 'static volatile uint8_t& __gen_struct_PINC::r()':
/Applications/sloeber.app/Contents/Eclipse/arduinoPlugin/libraries/FastLED/3.3.2/platforms/avr/fastpin_avr.h:51:59: error: 'PINC' was not declared in this scope
 #define _FL_IO(L,C) _RD8(DDR ## L); _RD8(PORT ## L); _RD8(PIN ## L); _FL_DEFINE_PORT3(L, C, _R(PORT ## L));
                                                           ^
/Applications/sloeber.app/Contents/Eclipse/arduinoPlugin/libraries/FastLED/3.3.2/platforms/avr/fastpin_avr.h:50:79: note: in definition of macro '_RD8'
 #define _RD8(T) struct __gen_struct_ ## T { static inline reg8_t r() { return T; }};
                                                                               ^
/Applications/sloeber.app/Contents/Eclipse/arduinoPlugin/libraries/FastLED/3.3.2/platforms/avr/fastpin_avr.h:62:3: note: in expansion of macro '_FL_IO'
   _FL_IO(C,2)
   ^~~~~~
/Applications/sloeber.app/Contents/Eclipse/arduinoPlugin/libraries/FastLED/3.3.2/platforms/avr/fastpin_avr.h:51:59: note: suggested alternative: 'PIN0'
 #define _FL_IO(L,C) _RD8(DDR ## L); _RD8(PORT ## L); _RD8(PIN ## L); _FL_DEFINE_PORT3(L, C, _R(PORT ## L));
                                                           ^
/Applications/sloeber.app/Contents/Eclipse/arduinoPlugin/libraries/FastLED/3.3.2/platforms/avr/fastpin_avr.h:50:79: note: in definition of macro '_RD8'
 #define _RD8(T) struct __gen_struct_ ## T { static inline reg8_t r() { return T; }};
                                                                               ^
/Applications/sloeber.app/Contents/Eclipse/arduinoPlugin/libraries/FastLED/3.3.2/platforms/avr/fastpin_avr.h:62:3: note: in expansion of macro '_FL_IO'
   _FL_IO(C,2)
   ^~~~~~
/Applications/sloeber.app/Contents/Eclipse/arduinoPlugin/libraries/FastLED/3.3.2/platforms/avr/fastpin_avr.h: In static member function 'static volatile uint8_t& __gen_struct_DDRD::r()':
/Applications/sloeber.app/Contents/Eclipse/arduinoPlugin/libraries/FastLED/3.3.2/platforms/avr/fastpin_avr.h:51:26: error: 'DDRD' was not declared in this scope
 #define _FL_IO(L,C) _RD8(DDR ## L); _RD8(PORT ## L); _RD8(PIN ## L); _FL_DEFINE_PORT3(L, C, _R(PORT ## L));
                          ^
/Applications/sloeber.app/Contents/Eclipse/arduinoPlugin/libraries/FastLED/3.3.2/platforms/avr/fastpin_avr.h:50:79: note: in definition of macro '_RD8'
 #define _RD8(T) struct __gen_struct_ ## T { static inline reg8_t r() { return T; }};
                                                                               ^
/Applications/sloeber.app/Contents/Eclipse/arduinoPlugin/libraries/FastLED/3.3.2/platforms/avr/fastpin_avr.h:65:3: note: in expansion of macro '_FL_IO'
   _FL_IO(D,3)
   ^~~~~~
/Applications/sloeber.app/Contents/Eclipse/arduinoPlugin/libraries/FastLED/3.3.2/platforms/avr/fastpin_avr.h:51:26: note: suggested alternative: 'VDD'
 #define _FL_IO(L,C) _RD8(DDR ## L); _RD8(PORT ## L); _RD8(PIN ## L); _FL_DEFINE_PORT3(L, C, _R(PORT ## L));
                          ^
/Applications/sloeber.app/Contents/Eclipse/arduinoPlugin/libraries/FastLED/3.3.2/platforms/avr/fastpin_avr.h:50:79: note: in definition of macro '_RD8'
 #define _RD8(T) struct __gen_struct_ ## T { static inline reg8_t r() { return T; }};
                                                                               ^
/Applications/sloeber.app/Contents/Eclipse/arduinoPlugin/libraries/FastLED/3.3.2/platforms/avr/fastpin_avr.h:65:3: note: in expansion of macro '_FL_IO'
   _FL_IO(D,3)
   ^~~~~~
/Applications/sloeber.app/Contents/Eclipse/arduinoPlugin/libraries/FastLED/3.3.2/platforms/avr/fastpin_avr.h: In static member function 'static volatile uint8_t& __gen_struct_PORTD::r()':
/Applications/sloeber.app/Contents/Eclipse/arduinoPlugin/libraries/FastLED/3.3.2/platforms/avr/fastpin_avr.h:51:42: error: invalid initialization of reference of type 'reg8_t {aka volatile unsigned char&}' from expression of type 'PORT_t {aka PORT_struct}'
 #define _FL_IO(L,C) _RD8(DDR ## L); _RD8(PORT ## L); _RD8(PIN ## L); _FL_DEFINE_PORT3(L, C, _R(PORT ## L));
                                          ^
/Applications/sloeber.app/Contents/Eclipse/arduinoPlugin/libraries/FastLED/3.3.2/platforms/avr/fastpin_avr.h:50:79: note: in definition of macro '_RD8'
 #define _RD8(T) struct __gen_struct_ ## T { static inline reg8_t r() { return T; }};
                                                                               ^
/Applications/sloeber.app/Contents/Eclipse/arduinoPlugin/libraries/FastLED/3.3.2/platforms/avr/fastpin_avr.h:65:3: note: in expansion of macro '_FL_IO'
   _FL_IO(D,3)
   ^~~~~~
/Applications/sloeber.app/Contents/Eclipse/arduinoPlugin/libraries/FastLED/3.3.2/platforms/avr/fastpin_avr.h: In static member function 'static volatile uint8_t& __gen_struct_PIND::r()':
/Applications/sloeber.app/Contents/Eclipse/arduinoPlugin/libraries/FastLED/3.3.2/platforms/avr/fastpin_avr.h:51:59: error: 'PIND' was not declared in this scope
 #define _FL_IO(L,C) _RD8(DDR ## L); _RD8(PORT ## L); _RD8(PIN ## L); _FL_DEFINE_PORT3(L, C, _R(PORT ## L));
                                                           ^
/Applications/sloeber.app/Contents/Eclipse/arduinoPlugin/libraries/FastLED/3.3.2/platforms/avr/fastpin_avr.h:50:79: note: in definition of macro '_RD8'
 #define _RD8(T) struct __gen_struct_ ## T { static inline reg8_t r() { return T; }};
                                                                               ^
/Applications/sloeber.app/Contents/Eclipse/arduinoPlugin/libraries/FastLED/3.3.2/platforms/avr/fastpin_avr.h:65:3: note: in expansion of macro '_FL_IO'
   _FL_IO(D,3)
   ^~~~~~
/Applications/sloeber.app/Contents/Eclipse/arduinoPlugin/libraries/FastLED/3.3.2/platforms/avr/fastpin_avr.h:51:59: note: suggested alternative: 'PIN0'
 #define _FL_IO(L,C) _RD8(DDR ## L); _RD8(PORT ## L); _RD8(PIN ## L); _FL_DEFINE_PORT3(L, C, _R(PORT ## L));
                                                           ^
/Applications/sloeber.app/Contents/Eclipse/arduinoPlugin/libraries/FastLED/3.3.2/platforms/avr/fastpin_avr.h:50:79: note: in definition of macro '_RD8'
 #define _RD8(T) struct __gen_struct_ ## T { static inline reg8_t r() { return T; }};
                                                                               ^
/Applications/sloeber.app/Contents/Eclipse/arduinoPlugin/libraries/FastLED/3.3.2/platforms/avr/fastpin_avr.h:65:3: note: in expansion of macro '_FL_IO'
   _FL_IO(D,3)
   ^~~~~~
/Applications/sloeber.app/Contents/Eclipse/arduinoPlugin/libraries/FastLED/3.3.2/platforms/avr/fastpin_avr.h: In static member function 'static volatile uint8_t& __gen_struct_DDRE::r()':
/Applications/sloeber.app/Contents/Eclipse/arduinoPlugin/libraries/FastLED/3.3.2/platforms/avr/fastpin_avr.h:51:26: error: 'DDRE' was not declared in this scope
 #define _FL_IO(L,C) _RD8(DDR ## L); _RD8(PORT ## L); _RD8(PIN ## L); _FL_DEFINE_PORT3(L, C, _R(PORT ## L));
                          ^
/Applications/sloeber.app/Contents/Eclipse/arduinoPlugin/libraries/FastLED/3.3.2/platforms/avr/fastpin_avr.h:50:79: note: in definition of macro '_RD8'
 #define _RD8(T) struct __gen_struct_ ## T { static inline reg8_t r() { return T; }};
                                                                               ^
/Applications/sloeber.app/Contents/Eclipse/arduinoPlugin/libraries/FastLED/3.3.2/platforms/avr/fastpin_avr.h:68:3: note: in expansion of macro '_FL_IO'
   _FL_IO(E,4)
   ^~~~~~
/Applications/sloeber.app/Contents/Eclipse/arduinoPlugin/libraries/FastLED/3.3.2/platforms/avr/fastpin_avr.h:51:26: note: suggested alternative: 'DUSE'
 #define _FL_IO(L,C) _RD8(DDR ## L); _RD8(PORT ## L); _RD8(PIN ## L); _FL_DEFINE_PORT3(L, C, _R(PORT ## L));
                          ^
/Applications/sloeber.app/Contents/Eclipse/arduinoPlugin/libraries/FastLED/3.3.2/platforms/avr/fastpin_avr.h:50:79: note: in definition of macro '_RD8'
 #define _RD8(T) struct __gen_struct_ ## T { static inline reg8_t r() { return T; }};
                                                                               ^
/Applications/sloeber.app/Contents/Eclipse/arduinoPlugin/libraries/FastLED/3.3.2/platforms/avr/fastpin_avr.h:68:3: note: in expansion of macro '_FL_IO'
   _FL_IO(E,4)
   ^~~~~~
/Applications/sloeber.app/Contents/Eclipse/arduinoPlugin/libraries/FastLED/3.3.2/platforms/avr/fastpin_avr.h: In static member function 'static volatile uint8_t& __gen_struct_PORTE::r()':
/Applications/sloeber.app/Contents/Eclipse/arduinoPlugin/libraries/FastLED/3.3.2/platforms/avr/fastpin_avr.h:51:42: error: invalid initialization of reference of type 'reg8_t {aka volatile unsigned char&}' from expression of type 'PORT_t {aka PORT_struct}'
 #define _FL_IO(L,C) _RD8(DDR ## L); _RD8(PORT ## L); _RD8(PIN ## L); _FL_DEFINE_PORT3(L, C, _R(PORT ## L));
                                          ^
/Applications/sloeber.app/Contents/Eclipse/arduinoPlugin/libraries/FastLED/3.3.2/platforms/avr/fastpin_avr.h:50:79: note: in definition of macro '_RD8'
 #define _RD8(T) struct __gen_struct_ ## T { static inline reg8_t r() { return T; }};
                                                                               ^
/Applications/sloeber.app/Contents/Eclipse/arduinoPlugin/libraries/FastLED/3.3.2/platforms/avr/fastpin_avr.h:68:3: note: in expansion of macro '_FL_IO'
   _FL_IO(E,4)
   ^~~~~~
/Applications/sloeber.app/Contents/Eclipse/arduinoPlugin/libraries/FastLED/3.3.2/platforms/avr/fastpin_avr.h: In static member function 'static volatile uint8_t& __gen_struct_PINE::r()':
/Applications/sloeber.app/Contents/Eclipse/arduinoPlugin/libraries/FastLED/3.3.2/platforms/avr/fastpin_avr.h:51:59: error: 'PINE' was not declared in this scope
 #define _FL_IO(L,C) _RD8(DDR ## L); _RD8(PORT ## L); _RD8(PIN ## L); _FL_DEFINE_PORT3(L, C, _R(PORT ## L));
                                                           ^
/Applications/sloeber.app/Contents/Eclipse/arduinoPlugin/libraries/FastLED/3.3.2/platforms/avr/fastpin_avr.h:50:79: note: in definition of macro '_RD8'
 #define _RD8(T) struct __gen_struct_ ## T { static inline reg8_t r() { return T; }};
                                                                               ^
/Applications/sloeber.app/Contents/Eclipse/arduinoPlugin/libraries/FastLED/3.3.2/platforms/avr/fastpin_avr.h:68:3: note: in expansion of macro '_FL_IO'
   _FL_IO(E,4)
   ^~~~~~
/Applications/sloeber.app/Contents/Eclipse/arduinoPlugin/libraries/FastLED/3.3.2/platforms/avr/fastpin_avr.h:51:59: note: suggested alternative: 'PIN0'
 #define _FL_IO(L,C) _RD8(DDR ## L); _RD8(PORT ## L); _RD8(PIN ## L); _FL_DEFINE_PORT3(L, C, _R(PORT ## L));
                                                           ^
/Applications/sloeber.app/Contents/Eclipse/arduinoPlugin/libraries/FastLED/3.3.2/platforms/avr/fastpin_avr.h:50:79: note: in definition of macro '_RD8'
 #define _RD8(T) struct __gen_struct_ ## T { static inline reg8_t r() { return T; }};
                                                                               ^
/Applications/sloeber.app/Contents/Eclipse/arduinoPlugin/libraries/FastLED/3.3.2/platforms/avr/fastpin_avr.h:68:3: note: in expansion of macro '_FL_IO'
   _FL_IO(E,4)
   ^~~~~~
/Applications/sloeber.app/Contents/Eclipse/arduinoPlugin/libraries/FastLED/3.3.2/platforms/avr/fastpin_avr.h: In static member function 'static volatile uint8_t& __gen_struct_DDRF::r()':
/Applications/sloeber.app/Contents/Eclipse/arduinoPlugin/libraries/FastLED/3.3.2/platforms/avr/fastpin_avr.h:51:26: error: 'DDRF' was not declared in this scope
 #define _FL_IO(L,C) _RD8(DDR ## L); _RD8(PORT ## L); _RD8(PIN ## L); _FL_DEFINE_PORT3(L, C, _R(PORT ## L));
                          ^
/Applications/sloeber.app/Contents/Eclipse/arduinoPlugin/libraries/FastLED/3.3.2/platforms/avr/fastpin_avr.h:50:79: note: in definition of macro '_RD8'
 #define _RD8(T) struct __gen_struct_ ## T { static inline reg8_t r() { return T; }};
                                                                               ^
/Applications/sloeber.app/Contents/Eclipse/arduinoPlugin/libraries/FastLED/3.3.2/platforms/avr/fastpin_avr.h:71:3: note: in expansion of macro '_FL_IO'
   _FL_IO(F,5)
   ^~~~~~
/Applications/sloeber.app/Contents/Eclipse/arduinoPlugin/libraries/FastLED/3.3.2/platforms/avr/fastpin_avr.h:51:26: note: suggested alternative: 'DD0'
 #define _FL_IO(L,C) _RD8(DDR ## L); _RD8(PORT ## L); _RD8(PIN ## L); _FL_DEFINE_PORT3(L, C, _R(PORT ## L));
                          ^
/Applications/sloeber.app/Contents/Eclipse/arduinoPlugin/libraries/FastLED/3.3.2/platforms/avr/fastpin_avr.h:50:79: note: in definition of macro '_RD8'
 #define _RD8(T) struct __gen_struct_ ## T { static inline reg8_t r() { return T; }};
                                                                               ^
/Applications/sloeber.app/Contents/Eclipse/arduinoPlugin/libraries/FastLED/3.3.2/platforms/avr/fastpin_avr.h:71:3: note: in expansion of macro '_FL_IO'
   _FL_IO(F,5)
   ^~~~~~
/Applications/sloeber.app/Contents/Eclipse/arduinoPlugin/libraries/FastLED/3.3.2/platforms/avr/fastpin_avr.h: In static member function 'static volatile uint8_t& __gen_struct_PORTF::r()':
/Applications/sloeber.app/Contents/Eclipse/arduinoPlugin/libraries/FastLED/3.3.2/platforms/avr/fastpin_avr.h:51:42: error: invalid initialization of reference of type 'reg8_t {aka volatile unsigned char&}' from expression of type 'PORT_t {aka PORT_struct}'
 #define _FL_IO(L,C) _RD8(DDR ## L); _RD8(PORT ## L); _RD8(PIN ## L); _FL_DEFINE_PORT3(L, C, _R(PORT ## L));
                                          ^
/Applications/sloeber.app/Contents/Eclipse/arduinoPlugin/libraries/FastLED/3.3.2/platforms/avr/fastpin_avr.h:50:79: note: in definition of macro '_RD8'
 #define _RD8(T) struct __gen_struct_ ## T { static inline reg8_t r() { return T; }};
                                                                               ^
/Applications/sloeber.app/Contents/Eclipse/arduinoPlugin/libraries/FastLED/3.3.2/platforms/avr/fastpin_avr.h:71:3: note: in expansion of macro '_FL_IO'
   _FL_IO(F,5)
   ^~~~~~
/Applications/sloeber.app/Contents/Eclipse/arduinoPlugin/libraries/FastLED/3.3.2/platforms/avr/fastpin_avr.h: In static member function 'static volatile uint8_t& __gen_struct_PINF::r()':
/Applications/sloeber.app/Contents/Eclipse/arduinoPlugin/libraries/FastLED/3.3.2/platforms/avr/fastpin_avr.h:51:59: error: 'PINF' was not declared in this scope
 #define _FL_IO(L,C) _RD8(DDR ## L); _RD8(PORT ## L); _RD8(PIN ## L); _FL_DEFINE_PORT3(L, C, _R(PORT ## L));
                                                           ^
/Applications/sloeber.app/Contents/Eclipse/arduinoPlugin/libraries/FastLED/3.3.2/platforms/avr/fastpin_avr.h:50:79: note: in definition of macro '_RD8'
 #define _RD8(T) struct __gen_struct_ ## T { static inline reg8_t r() { return T; }};
                                                                               ^
/Applications/sloeber.app/Contents/Eclipse/arduinoPlugin/libraries/FastLED/3.3.2/platforms/avr/fastpin_avr.h:71:3: note: in expansion of macro '_FL_IO'
   _FL_IO(F,5)
   ^~~~~~
/Applications/sloeber.app/Contents/Eclipse/arduinoPlugin/libraries/FastLED/3.3.2/platforms/avr/fastpin_avr.h:51:59: note: suggested alternative: 'PIN0'
 #define _FL_IO(L,C) _RD8(DDR ## L); _RD8(PORT ## L); _RD8(PIN ## L); _FL_DEFINE_PORT3(L, C, _R(PORT ## L));
                                                           ^
/Applications/sloeber.app/Contents/Eclipse/arduinoPlugin/libraries/FastLED/3.3.2/platforms/avr/fastpin_avr.h:50:79: note: in definition of macro '_RD8'
 #define _RD8(T) struct __gen_struct_ ## T { static inline reg8_t r() { return T; }};
                                                                               ^
/Applications/sloeber.app/Contents/Eclipse/arduinoPlugin/libraries/FastLED/3.3.2/platforms/avr/fastpin_avr.h:71:3: note: in expansion of macro '_FL_IO'
   _FL_IO(F,5)
   ^~~~~~
make: *** [libraries/FastLED/FastLED.cpp.o] Error 1

13:47:08 Build Failed. 19 errors, 1 warnings. (took 1s.211ms)

